<?xml version="1.0" encoding="UTF-8"?>
<testng-results retried="1" ignored="1" total="6" passed="3" failed="1" skipped="0">
  <reporter-output>
  </reporter-output>
  <suite started-at="2024-08-22T15:25:09 IST" name="Suite" finished-at="2024-08-22T15:25:45 IST" duration-ms="36167">
    <groups>
      <group name="ErrorHandling">
        <method signature="ErrorValidations.loginValidation()[pri:0, instance:com.bddframework.ErrorValidations@3f4faf53]" name="loginValidation" class="com.bddframework.ErrorValidations"/>
      </group> <!-- ErrorHandling -->
      <group name="pusrchaseOrder">
        <method signature="Ecomtest.submitOrdertest(java.util.HashMap)[pri:0, instance:com.bddframework.Ecomtest@7fb4f2a9]" name="submitOrdertest" class="com.bddframework.Ecomtest"/>
        <method signature="Ecomtest.OrderHistoryTest()[pri:0, instance:com.bddframework.Ecomtest@7fb4f2a9]" name="OrderHistoryTest" class="com.bddframework.Ecomtest"/>
      </group> <!-- pusrchaseOrder -->
    </groups>
    <test started-at="2024-08-22T15:25:09 IST" name="loginErrorValidation" finished-at="2024-08-22T15:25:32 IST" duration-ms="22331">
      <class name="com.bddframework.ErrorValidations">
        <test-method is-config="true" signature="launchApplication()[pri:0, instance:com.bddframework.ErrorValidations@3f4faf53]" started-at="2024-08-22T15:25:09 IST" name="launchApplication" finished-at="2024-08-22T15:25:22 IST" duration-ms="12830" status="PASS">
          <reporter-output>
          </reporter-output>
        </test-method> <!-- launchApplication -->
        <test-method retried="true" signature="loginValidation()[pri:0, instance:com.bddframework.ErrorValidations@3f4faf53]" started-at="2024-08-22T15:25:22 IST" name="loginValidation" finished-at="2024-08-22T15:25:23 IST" duration-ms="672" status="SKIP">
          <exception class="java.lang.AssertionError">
            <message>
              <![CDATA[expected [] but found [Incorrect email password.]]]>
            </message>
            <full-stacktrace>
              <![CDATA[java.lang.AssertionError: expected [] but found [Incorrect email password.]
at org.testng.Assert.fail(Assert.java:111)
at org.testng.Assert.failNotEquals(Assert.java:1578)
at org.testng.Assert.assertEqualsImpl(Assert.java:150)
at org.testng.Assert.assertEquals(Assert.java:132)
at org.testng.Assert.assertEquals(Assert.java:656)
at org.testng.Assert.assertEquals(Assert.java:666)
at com.bddframework.ErrorValidations.loginValidation(ErrorValidations.java:15)
at java.base/jdk.internal.reflect.NativeMethodAccessorImpl.invoke0(Native Method)
at java.base/jdk.internal.reflect.NativeMethodAccessorImpl.invoke(NativeMethodAccessorImpl.java:77)
at java.base/jdk.internal.reflect.DelegatingMethodAccessorImpl.invoke(DelegatingMethodAccessorImpl.java:43)
at java.base/java.lang.reflect.Method.invoke(Method.java:568)
at org.testng.internal.invokers.MethodInvocationHelper.invokeMethod(MethodInvocationHelper.java:141)
at org.testng.internal.invokers.TestInvoker.invokeMethod(TestInvoker.java:686)
at org.testng.internal.invokers.TestInvoker.invokeTestMethod(TestInvoker.java:230)
at org.testng.internal.invokers.MethodRunner.runInSequence(MethodRunner.java:63)
at org.testng.internal.invokers.TestInvoker$MethodInvocationAgent.invoke(TestInvoker.java:992)
at org.testng.internal.invokers.TestInvoker.invokeTestMethods(TestInvoker.java:203)
at org.testng.internal.invokers.TestMethodWorker.invokeTestMethods(TestMethodWorker.java:154)
at org.testng.internal.invokers.TestMethodWorker.run(TestMethodWorker.java:134)
at java.base/java.util.ArrayList.forEach(ArrayList.java:1511)
at org.testng.TestRunner.privateRun(TestRunner.java:739)
at org.testng.TestRunner.run(TestRunner.java:614)
at org.testng.SuiteRunner.runTest(SuiteRunner.java:421)
at org.testng.SuiteRunner$SuiteWorker.run(SuiteRunner.java:463)
at org.testng.internal.thread.ThreadUtil.lambda$execute$0(ThreadUtil.java:64)
at java.base/java.util.concurrent.FutureTask.run(FutureTask.java:264)
at java.base/java.util.concurrent.ThreadPoolExecutor.runWorker(ThreadPoolExecutor.java:1136)
at java.base/java.util.concurrent.ThreadPoolExecutor$Worker.run(ThreadPoolExecutor.java:635)
at java.base/java.lang.Thread.run(Thread.java:842)
]]>
            </full-stacktrace>
          </exception> <!-- java.lang.AssertionError -->
          <reporter-output>
          </reporter-output>
        </test-method> <!-- loginValidation -->
        <test-method is-config="true" signature="tearDown()[pri:0, instance:com.bddframework.ErrorValidations@3f4faf53]" started-at="2024-08-22T15:25:23 IST" name="tearDown" finished-at="2024-08-22T15:25:25 IST" duration-ms="2344" status="PASS">
          <reporter-output>
          </reporter-output>
        </test-method> <!-- tearDown -->
        <test-method is-config="true" signature="launchApplication()[pri:0, instance:com.bddframework.ErrorValidations@3f4faf53]" started-at="2024-08-22T15:25:25 IST" name="launchApplication" finished-at="2024-08-22T15:25:28 IST" duration-ms="3169" status="PASS">
          <reporter-output>
          </reporter-output>
        </test-method> <!-- launchApplication -->
        <test-method signature="loginValidation()[pri:0, instance:com.bddframework.ErrorValidations@3f4faf53]" started-at="2024-08-22T15:25:28 IST" name="loginValidation" finished-at="2024-08-22T15:25:30 IST" duration-ms="2025" status="FAIL">
          <exception class="java.lang.AssertionError">
            <message>
              <![CDATA[expected [Incorrect email or password.] but found [Incorrect email password.]]]>
            </message>
            <full-stacktrace>
              <![CDATA[java.lang.AssertionError: expected [Incorrect email or password.] but found [Incorrect email password.]
at org.testng.Assert.fail(Assert.java:111)
at org.testng.Assert.failNotEquals(Assert.java:1578)
at org.testng.Assert.assertEqualsImpl(Assert.java:150)
at org.testng.Assert.assertEquals(Assert.java:132)
at org.testng.Assert.assertEquals(Assert.java:656)
at org.testng.Assert.assertEquals(Assert.java:666)
at com.bddframework.ErrorValidations.loginValidation(ErrorValidations.java:15)
at java.base/jdk.internal.reflect.NativeMethodAccessorImpl.invoke0(Native Method)
at java.base/jdk.internal.reflect.NativeMethodAccessorImpl.invoke(NativeMethodAccessorImpl.java:77)
at java.base/jdk.internal.reflect.DelegatingMethodAccessorImpl.invoke(DelegatingMethodAccessorImpl.java:43)
at java.base/java.lang.reflect.Method.invoke(Method.java:568)
at org.testng.internal.invokers.MethodInvocationHelper.invokeMethod(MethodInvocationHelper.java:141)
at org.testng.internal.invokers.TestInvoker.invokeMethod(TestInvoker.java:686)
at org.testng.internal.invokers.TestInvoker.retryFailed(TestInvoker.java:269)
at org.testng.internal.invokers.MethodRunner.runInSequence(MethodRunner.java:76)
at org.testng.internal.invokers.TestInvoker$MethodInvocationAgent.invoke(TestInvoker.java:992)
at org.testng.internal.invokers.TestInvoker.invokeTestMethods(TestInvoker.java:203)
at org.testng.internal.invokers.TestMethodWorker.invokeTestMethods(TestMethodWorker.java:154)
at org.testng.internal.invokers.TestMethodWorker.run(TestMethodWorker.java:134)
at java.base/java.util.ArrayList.forEach(ArrayList.java:1511)
at org.testng.TestRunner.privateRun(TestRunner.java:739)
at org.testng.TestRunner.run(TestRunner.java:614)
at org.testng.SuiteRunner.runTest(SuiteRunner.java:421)
at org.testng.SuiteRunner$SuiteWorker.run(SuiteRunner.java:463)
at org.testng.internal.thread.ThreadUtil.lambda$execute$0(ThreadUtil.java:64)
at java.base/java.util.concurrent.FutureTask.run(FutureTask.java:264)
at java.base/java.util.concurrent.ThreadPoolExecutor.runWorker(ThreadPoolExecutor.java:1136)
at java.base/java.util.concurrent.ThreadPoolExecutor$Worker.run(ThreadPoolExecutor.java:635)
at java.base/java.lang.Thread.run(Thread.java:842)
]]>
            </full-stacktrace>
          </exception> <!-- java.lang.AssertionError -->
          <reporter-output>
          </reporter-output>
        </test-method> <!-- loginValidation -->
        <test-method is-config="true" signature="tearDown()[pri:0, instance:com.bddframework.ErrorValidations@3f4faf53]" started-at="2024-08-22T15:25:31 IST" name="tearDown" finished-at="2024-08-22T15:25:32 IST" duration-ms="596" status="PASS">
          <reporter-output>
          </reporter-output>
        </test-method> <!-- tearDown -->
      </class> <!-- com.bddframework.ErrorValidations -->
    </test> <!-- loginErrorValidation -->
    <test started-at="2024-08-22T15:25:09 IST" name="OrderCreationTest" finished-at="2024-08-22T15:25:45 IST" duration-ms="36167">
      <class name="com.bddframework.Ecomtest">
        <test-method is-config="true" signature="launchApplication()[pri:0, instance:com.bddframework.Ecomtest@7fb4f2a9]" started-at="2024-08-22T15:25:10 IST" name="launchApplication" finished-at="2024-08-22T15:25:23 IST" duration-ms="13384" status="PASS">
          <reporter-output>
          </reporter-output>
        </test-method> <!-- launchApplication -->
        <test-method signature="submitOrdertest(java.util.HashMap)[pri:0, instance:com.bddframework.Ecomtest@7fb4f2a9]" started-at="2024-08-22T15:25:23 IST" name="submitOrdertest" data-provider="getData" finished-at="2024-08-22T15:25:29 IST" duration-ms="5805" status="PASS">
          <params>
            <param index="0">
              <value>
                <![CDATA[{password=Jagan@102419, email=malagamjagdesh@gmail.com}]]>
              </value>
            </param>
          </params>
          <reporter-output>
          </reporter-output>
        </test-method> <!-- submitOrdertest -->
        <test-method is-config="true" signature="tearDown()[pri:0, instance:com.bddframework.Ecomtest@7fb4f2a9]" started-at="2024-08-22T15:25:29 IST" name="tearDown" finished-at="2024-08-22T15:25:29 IST" duration-ms="202" status="PASS">
          <reporter-output>
          </reporter-output>
        </test-method> <!-- tearDown -->
        <test-method is-config="true" signature="launchApplication()[pri:0, instance:com.bddframework.Ecomtest@7fb4f2a9]" started-at="2024-08-22T15:25:29 IST" name="launchApplication" finished-at="2024-08-22T15:25:32 IST" duration-ms="2694" status="PASS">
          <reporter-output>
          </reporter-output>
        </test-method> <!-- launchApplication -->
        <test-method signature="submitOrdertest(java.util.HashMap)[pri:0, instance:com.bddframework.Ecomtest@7fb4f2a9]" started-at="2024-08-22T15:25:32 IST" name="submitOrdertest" data-provider="getData" finished-at="2024-08-22T15:25:40 IST" duration-ms="8157" status="PASS">
          <params>
            <param index="0">
              <value>
                <![CDATA[{password=Jagan@102419, email=jagdesh@gmail.com}]]>
              </value>
            </param>
          </params>
          <reporter-output>
          </reporter-output>
        </test-method> <!-- submitOrdertest -->
        <test-method is-config="true" signature="tearDown()[pri:0, instance:com.bddframework.Ecomtest@7fb4f2a9]" started-at="2024-08-22T15:25:40 IST" name="tearDown" finished-at="2024-08-22T15:25:40 IST" duration-ms="173" status="PASS">
          <reporter-output>
          </reporter-output>
        </test-method> <!-- tearDown -->
        <test-method is-config="true" signature="launchApplication()[pri:0, instance:com.bddframework.Ecomtest@7fb4f2a9]" started-at="2024-08-22T15:25:40 IST" name="launchApplication" finished-at="2024-08-22T15:25:44 IST" duration-ms="4160" status="PASS">
          <reporter-output>
          </reporter-output>
        </test-method> <!-- launchApplication -->
        <test-method signature="OrderHistoryTest()[pri:0, instance:com.bddframework.Ecomtest@7fb4f2a9]" started-at="2024-08-22T15:25:44 IST" name="OrderHistoryTest" finished-at="2024-08-22T15:25:45 IST" depends-on-methods="com.bddframework.Ecomtest.submitOrdertest" duration-ms="1100" status="PASS">
          <reporter-output>
          </reporter-output>
        </test-method> <!-- OrderHistoryTest -->
        <test-method is-config="true" signature="tearDown()[pri:0, instance:com.bddframework.Ecomtest@7fb4f2a9]" started-at="2024-08-22T15:25:45 IST" name="tearDown" finished-at="2024-08-22T15:25:45 IST" duration-ms="207" status="PASS">
          <reporter-output>
          </reporter-output>
        </test-method> <!-- tearDown -->
      </class> <!-- com.bddframework.Ecomtest -->
    </test> <!-- OrderCreationTest -->
  </suite> <!-- Suite -->
</testng-results>
