<?xml version="1.0" encoding="UTF-8"?>
<testng-results retried="1" ignored="1" total="6" passed="3" failed="1" skipped="0">
  <reporter-output>
  </reporter-output>
  <suite started-at="2024-08-08T14:54:32 IST" name="Suite" finished-at="2024-08-08T14:54:59 IST" duration-ms="27365">
    <groups>
      <group name="ErrorHandling">
        <method signature="ErrorValidations.loginValidation()[pri:0, instance:com.bddframework.ErrorValidations@4eb386df]" name="loginValidation" class="com.bddframework.ErrorValidations"/>
      </group> <!-- ErrorHandling -->
      <group name="pusrchaseOrder">
        <method signature="Ecomtest.submitOrdertest(java.util.HashMap)[pri:0, instance:com.bddframework.Ecomtest@2d6764b2]" name="submitOrdertest" class="com.bddframework.Ecomtest"/>
        <method signature="Ecomtest.OrderHistoryTest()[pri:0, instance:com.bddframework.Ecomtest@2d6764b2]" name="OrderHistoryTest" class="com.bddframework.Ecomtest"/>
      </group> <!-- pusrchaseOrder -->
    </groups>
    <test started-at="2024-08-08T14:54:32 IST" name="loginErrorValidation" finished-at="2024-08-08T14:54:47 IST" duration-ms="15238">
      <class name="com.bddframework.ErrorValidations">
        <test-method is-config="true" signature="launchApplication()[pri:0, instance:com.bddframework.ErrorValidations@4eb386df]" started-at="2024-08-08T14:54:32 IST" name="launchApplication" finished-at="2024-08-08T14:54:40 IST" duration-ms="8446" status="PASS">
          <reporter-output>
          </reporter-output>
        </test-method> <!-- launchApplication -->
        <test-method retried="true" signature="loginValidation()[pri:0, instance:com.bddframework.ErrorValidations@4eb386df]" started-at="2024-08-08T14:54:40 IST" name="loginValidation" finished-at="2024-08-08T14:54:41 IST" duration-ms="1499" status="SKIP">
          <exception class="java.lang.AssertionError">
            <message>
              <![CDATA[expected [Incorrect email or password.] but found [Incorrect email password.]]]>
            </message>
            <full-stacktrace>
              <![CDATA[java.lang.AssertionError: expected [Incorrect email or password.] but found [Incorrect email password.]
at org.testng.Assert.fail(Assert.java:111)
at org.testng.Assert.failNotEquals(Assert.java:1578)
at org.testng.Assert.assertEqualsImpl(Assert.java:150)
at org.testng.Assert.assertEquals(Assert.java:132)
at org.testng.Assert.assertEquals(Assert.java:656)
at org.testng.Assert.assertEquals(Assert.java:666)
at com.bddframework.ErrorValidations.loginValidation(ErrorValidations.java:15)
at java.base/jdk.internal.reflect.DirectMethodHandleAccessor.invoke(DirectMethodHandleAccessor.java:103)
at java.base/java.lang.reflect.Method.invoke(Method.java:580)
at org.testng.internal.invokers.MethodInvocationHelper.invokeMethod(MethodInvocationHelper.java:141)
at org.testng.internal.invokers.TestInvoker.invokeMethod(TestInvoker.java:686)
at org.testng.internal.invokers.TestInvoker.invokeTestMethod(TestInvoker.java:230)
at org.testng.internal.invokers.MethodRunner.runInSequence(MethodRunner.java:63)
at org.testng.internal.invokers.TestInvoker$MethodInvocationAgent.invoke(TestInvoker.java:992)
at org.testng.internal.invokers.TestInvoker.invokeTestMethods(TestInvoker.java:203)
at org.testng.internal.invokers.TestMethodWorker.invokeTestMethods(TestMethodWorker.java:154)
at org.testng.internal.invokers.TestMethodWorker.run(TestMethodWorker.java:134)
at java.base/java.util.ArrayList.forEach(ArrayList.java:1597)
at org.testng.TestRunner.privateRun(TestRunner.java:739)
at org.testng.TestRunner.run(TestRunner.java:614)
at org.testng.SuiteRunner.runTest(SuiteRunner.java:421)
at org.testng.SuiteRunner$SuiteWorker.run(SuiteRunner.java:463)
at org.testng.internal.thread.ThreadUtil.lambda$execute$0(ThreadUtil.java:64)
at java.base/java.util.concurrent.FutureTask.run(FutureTask.java:317)
at java.base/java.util.concurrent.ThreadPoolExecutor.runWorker(ThreadPoolExecutor.java:1144)
at java.base/java.util.concurrent.ThreadPoolExecutor$Worker.run(ThreadPoolExecutor.java:642)
at java.base/java.lang.Thread.run(Thread.java:1570)
]]>
            </full-stacktrace>
          </exception> <!-- java.lang.AssertionError -->
          <reporter-output>
          </reporter-output>
        </test-method> <!-- loginValidation -->
        <test-method is-config="true" signature="tearDown()[pri:0, instance:com.bddframework.ErrorValidations@4eb386df]" started-at="2024-08-08T14:54:41 IST" name="tearDown" finished-at="2024-08-08T14:54:42 IST" duration-ms="281" status="PASS">
          <reporter-output>
          </reporter-output>
        </test-method> <!-- tearDown -->
        <test-method is-config="true" signature="launchApplication()[pri:0, instance:com.bddframework.ErrorValidations@4eb386df]" started-at="2024-08-08T14:54:42 IST" name="launchApplication" finished-at="2024-08-08T14:54:45 IST" duration-ms="3368" status="PASS">
          <reporter-output>
          </reporter-output>
        </test-method> <!-- launchApplication -->
        <test-method signature="loginValidation()[pri:0, instance:com.bddframework.ErrorValidations@4eb386df]" started-at="2024-08-08T14:54:45 IST" name="loginValidation" finished-at="2024-08-08T14:54:46 IST" duration-ms="767" status="FAIL">
          <exception class="java.lang.AssertionError">
            <message>
              <![CDATA[expected [Incorrect email or password.] but found [Incorrect email password.]]]>
            </message>
            <full-stacktrace>
              <![CDATA[java.lang.AssertionError: expected [Incorrect email or password.] but found [Incorrect email password.]
at org.testng.Assert.fail(Assert.java:111)
at org.testng.Assert.failNotEquals(Assert.java:1578)
at org.testng.Assert.assertEqualsImpl(Assert.java:150)
at org.testng.Assert.assertEquals(Assert.java:132)
at org.testng.Assert.assertEquals(Assert.java:656)
at org.testng.Assert.assertEquals(Assert.java:666)
at com.bddframework.ErrorValidations.loginValidation(ErrorValidations.java:15)
at java.base/jdk.internal.reflect.DirectMethodHandleAccessor.invoke(DirectMethodHandleAccessor.java:103)
at java.base/java.lang.reflect.Method.invoke(Method.java:580)
at org.testng.internal.invokers.MethodInvocationHelper.invokeMethod(MethodInvocationHelper.java:141)
at org.testng.internal.invokers.TestInvoker.invokeMethod(TestInvoker.java:686)
at org.testng.internal.invokers.TestInvoker.retryFailed(TestInvoker.java:269)
at org.testng.internal.invokers.MethodRunner.runInSequence(MethodRunner.java:76)
at org.testng.internal.invokers.TestInvoker$MethodInvocationAgent.invoke(TestInvoker.java:992)
at org.testng.internal.invokers.TestInvoker.invokeTestMethods(TestInvoker.java:203)
at org.testng.internal.invokers.TestMethodWorker.invokeTestMethods(TestMethodWorker.java:154)
at org.testng.internal.invokers.TestMethodWorker.run(TestMethodWorker.java:134)
at java.base/java.util.ArrayList.forEach(ArrayList.java:1597)
at org.testng.TestRunner.privateRun(TestRunner.java:739)
at org.testng.TestRunner.run(TestRunner.java:614)
at org.testng.SuiteRunner.runTest(SuiteRunner.java:421)
at org.testng.SuiteRunner$SuiteWorker.run(SuiteRunner.java:463)
at org.testng.internal.thread.ThreadUtil.lambda$execute$0(ThreadUtil.java:64)
at java.base/java.util.concurrent.FutureTask.run(FutureTask.java:317)
at java.base/java.util.concurrent.ThreadPoolExecutor.runWorker(ThreadPoolExecutor.java:1144)
at java.base/java.util.concurrent.ThreadPoolExecutor$Worker.run(ThreadPoolExecutor.java:642)
at java.base/java.lang.Thread.run(Thread.java:1570)
]]>
            </full-stacktrace>
          </exception> <!-- java.lang.AssertionError -->
          <reporter-output>
          </reporter-output>
        </test-method> <!-- loginValidation -->
        <test-method is-config="true" signature="tearDown()[pri:0, instance:com.bddframework.ErrorValidations@4eb386df]" started-at="2024-08-08T14:54:46 IST" name="tearDown" finished-at="2024-08-08T14:54:47 IST" duration-ms="448" status="PASS">
          <reporter-output>
          </reporter-output>
        </test-method> <!-- tearDown -->
      </class> <!-- com.bddframework.ErrorValidations -->
    </test> <!-- loginErrorValidation -->
    <test started-at="2024-08-08T14:54:32 IST" name="OrderCreationTest" finished-at="2024-08-08T14:54:59 IST" duration-ms="27365">
      <class name="com.bddframework.Ecomtest">
        <test-method is-config="true" signature="launchApplication()[pri:0, instance:com.bddframework.Ecomtest@2d6764b2]" started-at="2024-08-08T14:54:32 IST" name="launchApplication" finished-at="2024-08-08T14:54:41 IST" duration-ms="9653" status="PASS">
          <reporter-output>
          </reporter-output>
        </test-method> <!-- launchApplication -->
        <test-method signature="submitOrdertest(java.util.HashMap)[pri:0, instance:com.bddframework.Ecomtest@2d6764b2]" started-at="2024-08-08T14:54:41 IST" name="submitOrdertest" data-provider="getData" finished-at="2024-08-08T14:54:45 IST" duration-ms="3179" status="PASS">
          <params>
            <param index="0">
              <value>
                <![CDATA[{password=Jagan@102419, email=malagamjagdesh@gmail.com}]]>
              </value>
            </param>
          </params>
          <reporter-output>
          </reporter-output>
        </test-method> <!-- submitOrdertest -->
        <test-method is-config="true" signature="tearDown()[pri:0, instance:com.bddframework.Ecomtest@2d6764b2]" started-at="2024-08-08T14:54:45 IST" name="tearDown" finished-at="2024-08-08T14:54:45 IST" duration-ms="132" status="PASS">
          <reporter-output>
          </reporter-output>
        </test-method> <!-- tearDown -->
        <test-method is-config="true" signature="launchApplication()[pri:0, instance:com.bddframework.Ecomtest@2d6764b2]" started-at="2024-08-08T14:54:45 IST" name="launchApplication" finished-at="2024-08-08T14:54:49 IST" duration-ms="4344" status="PASS">
          <reporter-output>
          </reporter-output>
        </test-method> <!-- launchApplication -->
        <test-method signature="submitOrdertest(java.util.HashMap)[pri:0, instance:com.bddframework.Ecomtest@2d6764b2]" started-at="2024-08-08T14:54:49 IST" name="submitOrdertest" data-provider="getData" finished-at="2024-08-08T14:54:55 IST" duration-ms="6333" status="PASS">
          <params>
            <param index="0">
              <value>
                <![CDATA[{password=Jagan@102419, email=jagdesh@gmail.com}]]>
              </value>
            </param>
          </params>
          <reporter-output>
          </reporter-output>
        </test-method> <!-- submitOrdertest -->
        <test-method is-config="true" signature="tearDown()[pri:0, instance:com.bddframework.Ecomtest@2d6764b2]" started-at="2024-08-08T14:54:55 IST" name="tearDown" finished-at="2024-08-08T14:54:56 IST" duration-ms="195" status="PASS">
          <reporter-output>
          </reporter-output>
        </test-method> <!-- tearDown -->
        <test-method is-config="true" signature="launchApplication()[pri:0, instance:com.bddframework.Ecomtest@2d6764b2]" started-at="2024-08-08T14:54:56 IST" name="launchApplication" finished-at="2024-08-08T14:54:58 IST" duration-ms="2655" status="PASS">
          <reporter-output>
          </reporter-output>
        </test-method> <!-- launchApplication -->
        <test-method signature="OrderHistoryTest()[pri:0, instance:com.bddframework.Ecomtest@2d6764b2]" started-at="2024-08-08T14:54:58 IST" name="OrderHistoryTest" finished-at="2024-08-08T14:54:59 IST" depends-on-methods="com.bddframework.Ecomtest.submitOrdertest" duration-ms="545" status="PASS">
          <reporter-output>
          </reporter-output>
        </test-method> <!-- OrderHistoryTest -->
        <test-method is-config="true" signature="tearDown()[pri:0, instance:com.bddframework.Ecomtest@2d6764b2]" started-at="2024-08-08T14:54:59 IST" name="tearDown" finished-at="2024-08-08T14:54:59 IST" duration-ms="93" status="PASS">
          <reporter-output>
          </reporter-output>
        </test-method> <!-- tearDown -->
      </class> <!-- com.bddframework.Ecomtest -->
    </test> <!-- OrderCreationTest -->
  </suite> <!-- Suite -->
</testng-results>
